20161122 13:29:38 Scouter Server Version 0.4.22 20161117
  ____                  _            
 / ___|  ___ ___  _   _| |_ ___ _ __ 
 \___ \ / __/   \| | | | __/ _ \ '__|
  ___) | (_| (+) | |_| | ||  __/ |   
 |____/ \___\___/ \__,_|\__\___|_|                                      
 Open Source S/W Performance Monitoring  
 Scouter version 0.4.22 20161117
 
20161122 13:29:38 Load Account Group File
20161122 13:29:38 Load Account File
20161122 13:29:38 Load Account Group File
20161122 13:29:38 udp listen 0.0.0.0:6100
20161122 13:29:38 	udp_host=0.0.0.0
20161122 13:29:38 	udp_port=6100
20161122 13:29:38 	udp_buffer=65535
20161122 13:29:38 	udp_so_rcvbuf=4194304
20161122 13:29:38 Load Account File
20161122 13:29:38 	tcp_port=6100
20161122 13:29:38 	cp_agent_so_timeout=60000
20161122 13:29:38 	cp_client_so_timeout=8000
20161122 13:29:44 PLUG-IN : scouter.server.plugin.IAlert loaded #x3ahv5d
20161122 13:29:44 PLUG-IN : scouter.server.plugin.ICounter loaded #x19p6gvn
20161122 13:29:44 PLUG-IN : scouter.server.plugin.IObject loaded #xtbjfkq
20161122 13:29:44 PLUG-IN : scouter.server.plugin.IXLog loaded #xtpntcu
20161122 13:29:44 PLUG-IN : scouter.server.plugin.IXLog loaded #x7sp8ku
20161122 13:29:44 PLUG-IN : scouter.server.plugin.IXLogProfile loaded #x1g13mq4
20161122 13:29:44 PLUG-IN : scouter.server.plugin.ISummary loaded #x9dm5rl
20161122 13:32:02 [S104] New OBJECT  objType=linux objHash=zt87fst objName=/localhost.localdomain addr=127.0.0.1 0.4.22 20161117 alive 2016-11-22 13:32:02.874
20161122 13:32:40 [S104] New OBJECT  objType=tomcat objHash=z41ibfv objName=/localhost.localdomain/myTomcat1 addr=127.0.0.1 0.4.22 20161117 alive 2016-11-22 13:32:40.794
20161122 13:32:42 [S104] New OBJECT  objType=reqproc objHash=z1mlnlgo objName=/localhost.localdomain/myTomcat1/ajp-bio-8009 addr=127.0.0.1 alive 2016-11-22 13:32:42.728
20161122 13:32:42 [S104] New OBJECT  objType=reqproc objHash=zp4dqqd objName=/localhost.localdomain/myTomcat1/http-bio-8080 addr=127.0.0.1 alive 2016-11-22 13:32:42.728
20161122 13:33:31 [S145] GeoIP db file is not readable : /home/jooho/dev/temp/scouter/demo-env1/scouter/server/conf/GeoLiteCity.dat
20161122 15:22:07 [S178] Server Shutdown
20161122 15:22:07 [S179] Shutdown scouter.server.db.DBCtr$$anon$1@6107227e ...
20161122 15:22:07 [S179] Shutdown scouter.server.core.CoreRun$$anon$1@7c417213 ...
20161122 16:33:55 Scouter Server Version 0.4.22 20161117
  ____                  _            
 / ___|  ___ ___  _   _| |_ ___ _ __ 
 \___ \ / __/   \| | | | __/ _ \ '__|
  ___) | (_| (+) | |_| | ||  __/ |   
 |____/ \___\___/ \__,_|\__\___|_|                                      
 Open Source S/W Performance Monitoring  
 Scouter version 0.4.22 20161117
 
20161122 16:33:55 Load Account Group File
20161122 16:33:55 Load Account File
20161122 16:33:55 Load Account Group File
20161122 16:33:55 udp listen 0.0.0.0:6100
20161122 16:33:55 	udp_host=0.0.0.0
20161122 16:33:55 	udp_port=6100
20161122 16:33:55 	udp_buffer=65535
20161122 16:33:55 	udp_so_rcvbuf=4194304
20161122 16:33:55 Load Account File
20161122 16:33:55 	tcp_port=6100
20161122 16:33:55 	cp_agent_so_timeout=60000
20161122 16:33:55 	cp_client_so_timeout=8000
20161122 16:33:56 [S104] New OBJECT  objType=tomcat objHash=z41ibfv objName=/localhost.localdomain/myTomcat1 addr=127.0.0.1 0.4.22 20161117 alive 2016-11-22 16:33:56.668
20161122 16:33:56 [S104] New OBJECT  objType=reqproc objHash=z1mlnlgo objName=/localhost.localdomain/myTomcat1/ajp-bio-8009 addr=127.0.0.1 alive 2016-11-22 16:33:56.671
20161122 16:33:56 [S104] New OBJECT  objType=reqproc objHash=zp4dqqd objName=/localhost.localdomain/myTomcat1/http-bio-8080 addr=127.0.0.1 alive 2016-11-22 16:33:56.671
20161122 16:33:57 [S104] New OBJECT  objType=linux objHash=zt87fst objName=/localhost.localdomain addr=127.0.0.1 0.4.22 20161117 alive 2016-11-22 16:33:57.024
20161122 16:34:00 PLUG-IN : scouter.server.plugin.IAlert loaded #xi5jarn
20161122 16:34:00 PLUG-IN : scouter.server.plugin.ICounter loaded #xqgpqhv
20161122 16:34:00 PLUG-IN : scouter.server.plugin.IObject loaded #xu0mije
20161122 16:34:00 PLUG-IN : scouter.server.plugin.IXLog loaded #x7pstla
20161122 16:34:00 PLUG-IN : scouter.server.plugin.IXLog loaded #xupbjk5
20161122 16:34:00 PLUG-IN : scouter.server.plugin.IXLogProfile loaded #x14n6i1r
20161122 16:34:00 PLUG-IN : scouter.server.plugin.ISummary loaded #x1mdl7s
20161122 16:34:03 [S178] Server Shutdown
20161122 16:34:03 [S179] Shutdown scouter.server.db.DBCtr$$anon$1@384f9d06 ...
20161122 16:34:03 [S179] Shutdown scouter.server.core.CoreRun$$anon$1@6a85b40d ...
20161122 21:14:26 Scouter Server Version 0.4.22 20161117
  ____                  _            
 / ___|  ___ ___  _   _| |_ ___ _ __ 
 \___ \ / __/   \| | | | __/ _ \ '__|
  ___) | (_| (+) | |_| | ||  __/ |   
 |____/ \___\___/ \__,_|\__\___|_|                                      
 Open Source S/W Performance Monitoring  
 Scouter version 0.4.22 20161117
 
20161122 21:14:26 Load Account Group File
20161122 21:14:26 Load Account File
20161122 21:14:26 Load Account Group File
20161122 21:14:26 Load Account File
20161122 21:14:26 udp listen 0.0.0.0:8080
20161122 21:14:26 	udp_host=0.0.0.0
20161122 21:14:26 	udp_port=8080
20161122 21:14:26 	udp_buffer=65535
20161122 21:14:26 	udp_so_rcvbuf=4194304
20161122 21:14:26 	tcp_port=8080
20161122 21:14:26 	cp_agent_so_timeout=60000
20161122 21:14:26 	cp_client_so_timeout=8000
20161122 21:14:26 [S167] tcp port=8080
java.net.BindException: Address already in use
	java.net.PlainSocketImpl.socketBind(Native Method)
	java.net.AbstractPlainSocketImpl.bind(AbstractPlainSocketImpl.java:387)
	java.net.ServerSocket.bind(ServerSocket.java:375)
	java.net.ServerSocket.<init>(ServerSocket.java:237)
	scouter.server.netio.service.net.TcpServer$$anonfun$2.apply$mcV$sp(TcpServer.scala:40)
	scouter.server.util.ThreadScala$$anon$1.run(ThreadScala.scala:12)
20161122 21:14:31 PLUG-IN : scouter.server.plugin.IAlert loaded #x1f9dls7
20161122 21:14:31 PLUG-IN : scouter.server.plugin.ICounter loaded #x1uhb7l8
20161122 21:14:31 PLUG-IN : scouter.server.plugin.IObject loaded #xgircmg
20161122 21:14:31 PLUG-IN : scouter.server.plugin.IXLog loaded #x14bv7gt
20161122 21:14:31 PLUG-IN : scouter.server.plugin.IXLog loaded #x1r910c5
20161122 21:14:31 PLUG-IN : scouter.server.plugin.IXLogProfile loaded #x63rml5
20161122 21:14:31 PLUG-IN : scouter.server.plugin.ISummary loaded #xqemdha
20161122 21:14:39 [S178] Server Shutdown
20161122 21:14:39 [S179] Shutdown scouter.server.db.DBCtr$$anon$1@6107227e ...
20161122 21:14:39 [S179] Shutdown scouter.server.core.CoreRun$$anon$1@7c417213 ...
